SELECT pass FROM users WHERE user_name=?SELECT pass FROM users WHERE user_name=?SELECT pass FROM users WHERE user_name=?[日時:2019-09-27 16:29:23]クエリ内容:SELECT pass FROM users WHERE user_name=?
[日時:2019-09-27 16:29:39]クエリ内容:SELECT pass FROM users WHERE user_name=?
[日時:2019-09-27 16:29:42]クエリ内容:SELECT pass FROM users WHERE user_name=?
[日時:2019-09-27 16:31:58]クエリ内容:SELECT pass FROM users WHERE user_name=?
[日時:2019-09-27 16:35:25]クエリ内容:SELECT pass FROM users WHERE user_name=?
[日時:2019-09-27 16:36:20]クエリ内容:SELECT pass FROM users WHERE user_name=?
[日時:2019-09-27 16:36:29]クエリ内容:SELECT pass FROM users WHERE user_name=?
[日時:2019-09-27 16:40:50]クエリ内容:SELECT pass FROM users WHERE user_name=?
[日時:2019-09-27 16:41:08]クエリ内容:SELECT pass FROM users WHERE user_name=?
[日時:2019-09-27 16:42:49]クエリ内容:SELECT pass FROM users WHERE user_name=?
[日時:2019-09-27 16:43:45]クエリ内容:SELECT pass FROM users WHERE user_name=?
[日時:2019-09-27 16:44:26]クエリ内容:SELECT pass FROM users WHERE user_name=?
[日時:2019-09-27 16:44:52]クエリ内容:SELECT pass FROM users WHERE user_name=?
[日時:2019-09-27 16:45:52]クエリ内容:SELECT pass FROM users WHERE user_name=?
[日時:2019-09-27 16:48:28]クエリ内容:SELECT pass FROM users WHERE user_name=?
[日時:2019-09-27 16:49:03]クエリ内容:SELECT pass FROM users WHERE user_name=?
[日時:2019-09-27 16:50:42]クエリ内容:SELECT pass FROM users WHERE user_name=?
[日時:2019-09-27 16:56:12]クエリ内容:SELECT pass FROM users WHERE user_name=?
[日時:2019-09-27 16:58:47]クエリ内容:SELECT pass FROM users WHERE user_name=?
[日時:2019-09-27 16:59:15]クエリ内容:SELECT pass FROM users WHERE user_name=?
[日時:2019-09-27 17:02:12]クエリ内容:SELECT pass FROM users WHERE user_name=?
[日時:2019-09-27 17:02:49]クエリ内容:SELECT pass FROM users WHERE user_name=?
[日時:2019-09-27 17:05:27]クエリ内容:SELECT pass FROM users WHERE user_name=?
[日時:2019-09-27 17:08:37]クエリ内容:SELECT pass FROM users WHERE user_name=?
[日時:2019-09-27 17:35:04]クエリ内容:INSERT INTO restaurants (pic,name,address,taste ) VALUES (?,?,?,? )
[日時:2019-09-27 17:44:42]クエリ内容:INSERT INTO restaurants (pic,name,address,taste ) VALUES (?,?,?,? )
[日時:2019-09-27 17:44:43]クエリ内容:INSERT INTO restaurants (pic,name,address,taste ) VALUES (?,?,?,? )
[日時:2019-09-27 17:44:43]クエリ内容:INSERT INTO restaurants (pic,name,address,taste ) VALUES (?,?,?,? )
[日時:2019-09-27 17:44:43]クエリ内容:INSERT INTO restaurants (pic,name,address,taste ) VALUES (?,?,?,? )
[日時:2019-09-27 17:44:43]クエリ内容:INSERT INTO restaurants (pic,name,address,taste ) VALUES (?,?,?,? )
[日時:2019-09-27 17:44:43]クエリ内容:INSERT INTO restaurants (pic,name,address,taste ) VALUES (?,?,?,? )
[日時:2019-09-27 17:47:32]クエリ内容:INSERT INTO restaurants (pic,name,address,taste ) VALUES (?,?,?,? )
[日時:2019-09-30 09:45:36]クエリ内容:INSERT INTO restaurants (pic,name,address,taste ) VALUES (?,?,?,? )
[日時:2019-09-30 09:47:24]クエリ内容:INSERT INTO restaurants (pic,name,address,taste ) VALUES (?,?,?,? )
[日時:2019-09-30 09:50:06]クエリ内容:INSERT INTO restaurants (pic,name,address,taste ) VALUES (?,?,?,? )
[日時:2019-09-30 09:51:59]クエリ内容:INSERT INTO restaurants (pic,name,address,taste ) VALUES (?,?,?,? )
[日時:2019-09-30 09:53:44]クエリ内容:INSERT INTO restaurants (pic,name,address,taste ) VALUES (?,?,?,? )
[日時:2019-09-30 10:04:25]クエリ内容:INSERT INTO restaurants (pic,name,address,taste ) VALUES (?,?,?,? )
[日時:2019-09-30 10:07:08]クエリ内容:INSERT INTO restaurants (pic,name,address,taste ) VALUES (?,?,?,? )
[日時:2019-09-30 10:22:47]クエリ内容:INSERT INTO restaurants (pic,name,address,taste ) VALUES (?,?,?,? )
[日時:2019-09-30 10:25:55]クエリ内容:INSERT INTO restaurants (pic,name,address,taste ) VALUES (?,?,?,? )
[日時:2019-09-30 10:26:38]クエリ内容:INSERT INTO restaurants (pic,name,address,taste ) VALUES (?,?,?,? )
[日時:2019-09-30 10:30:53]クエリ内容:INSERT INTO restaurants (pic,name,address,taste ) VALUES (?,?,?,? )
[日時:2019-09-30 10:32:49]クエリ内容:INSERT INTO restaurants (pic,name,address,taste ) VALUES (?,?,?,? )
[日時:2019-09-30 10:33:11]クエリ内容:INSERT INTO restaurants (pic,name,address,taste ) VALUES (?,?,?,? )
[日時:2019-09-30 10:35:54]クエリ内容:INSERT INTO restaurants (pic,name,address,taste ) VALUES (?,?,?,?,? )
[日時:2019-09-30 10:37:15]クエリ内容:INSERT INTO restaurants (pic,name,address,taste,introduction ) VALUES (?,?,?,?,? )
[日時:2019-09-30 10:38:40]クエリ内容:INSERT INTO restaurants (pic,name,address,taste,introduction ) VALUES (?,?,?,?,? )
[日時:2019-09-30 10:39:38]クエリ内容:INSERT INTO restaurants (pic,name,address,taste,introduction ) VALUES (?,?,?,?,? )
[日時:2019-09-30 10:40:14]クエリ内容:INSERT INTO restaurants (pic,name,address,taste,introduction ) VALUES (?,?,?,?,? )
[日時:2019-09-30 10:41:10]クエリ内容:INSERT INTO restaurants (pic,name,address,taste,introduction ) VALUES (?,?,?,?,? )
[日時:2019-09-30 10:44:22]クエリ内容:INSERT INTO restaurants (pic,name,address,taste,introduction ) VALUES (?,?,?,?,? )
[日時:2019-09-30 10:44:46]クエリ内容:INSERT INTO restaurants (pic,name,address,taste,introduction ) VALUES (?,?,?,?,? )
[日時:2019-09-30 10:47:16]クエリ内容:INSERT INTO restaurants (pic,name,address,taste,introduction ) VALUES (?,?,?,?,? )
[日時:2019-09-30 10:47:53]クエリ内容:INSERT INTO restaurants (pic,name,address,taste,introduction ) VALUES (?,?,?,?,? )
[日時:2019-09-30 10:53:07]クエリ内容:INSERT INTO restaurants (pic,name,address,taste,introduction ) VALUES (?,?,?,?,? )
[日時:2019-09-30 11:31:50]クエリ内容:SELECT * FROM restaurant WHERE 
[日時:2019-09-30 11:32:33]クエリ内容:SELECT * FROM restaurants WHERE 
[日時:2019-09-30 11:37:16]クエリ内容:SELECT pic,name FROM restaurants WHERE 
[日時:2019-09-30 11:37:53]クエリ内容:SELECT pic,name FROM restaurants WHERE 
[日時:2019-09-30 11:38:51]クエリ内容:SELECT pic,name FROM restaurants WHERE 
[日時:2019-09-30 11:41:34]クエリ内容:SELECT pic,name FROM restaurants
[日時:2019-09-30 11:46:35]クエリ内容:
[日時:2019-09-30 11:47:38]クエリ内容:
[日時:2019-09-30 11:48:36]クエリ内容:SELECT pic,name FROM restaurants
[日時:2019-09-30 12:53:39]クエリ内容:SELECT pic,name FROM restaurants
[日時:2019-09-30 12:53:53]クエリ内容:SELECT pic,name FROM restaurants
[日時:2019-09-30 12:54:15]クエリ内容:SELECT pic,name FROM restaurants
